<?xml version="1.0" encoding="UTF-8"?>
<!-- Generated by org.testng.reporters.JUnitXMLReporter -->
<testsuite ignored="12" hostname="VDC1ODCD200101" failures="0" tests="7" name="OrangeHRM Test" time="12.007" errors="0" timestamp="2023-07-26T17:05:42 IST">
  <testcase classname="TestCases.Login_TestCase001" name="loginTC" time="2.911"/>
  <testcase classname="TestCases.AdminPage_TestCase002" name="AdminpageTest" time="1.419"/>
  <testcase classname="TestCases.PimPage_TestCase003" name="PimTestCase" time="1.138"/>
  <testcase classname="TestCases.LeavePage_TestCase004" name="LeavePageTest" time="1.331"/>
  <testcase classname="TestCases.TimePage_TestCase005" name="TimePage_test" time="1.483"/>
  <testcase classname="TestCases.RecuirementPage_TestCase006" name="Recuirement_Test" time="1.256"/>
  <testcase classname="TestCases.MyInfo_TestCase007" name="MyInfo_Test" time="2.299"/>
  <testcase classname="TestCases.BaseClass" name="@AfterSuite TearDown" time="0.0">
    <ignored/>
  </testcase> <!-- @AfterSuite TearDown -->
  <testcase classname="TestCases.BaseClass" name="@AfterSuite TearDown" time="0.0">
    <ignored/>
  </testcase> <!-- @AfterSuite TearDown -->
  <testcase classname="TestCases.BaseClass" name="@BeforeSuite Setup" time="0.0">
    <ignored/>
  </testcase> <!-- @BeforeSuite Setup -->
  <testcase classname="TestCases.BaseClass" name="@BeforeSuite Setup" time="0.0">
    <ignored/>
  </testcase> <!-- @BeforeSuite Setup -->
  <testcase classname="TestCases.BaseClass" name="@BeforeSuite Setup" time="0.0">
    <ignored/>
  </testcase> <!-- @BeforeSuite Setup -->
  <testcase classname="TestCases.BaseClass" name="@AfterSuite TearDown" time="0.0">
    <ignored/>
  </testcase> <!-- @AfterSuite TearDown -->
  <testcase classname="TestCases.BaseClass" name="@AfterSuite TearDown" time="0.0">
    <ignored/>
  </testcase> <!-- @AfterSuite TearDown -->
  <testcase classname="TestCases.BaseClass" name="@AfterSuite TearDown" time="0.0">
    <ignored/>
  </testcase> <!-- @AfterSuite TearDown -->
  <testcase classname="TestCases.BaseClass" name="@BeforeSuite Setup" time="0.0">
    <ignored/>
  </testcase> <!-- @BeforeSuite Setup -->
  <testcase classname="TestCases.BaseClass" name="@AfterSuite TearDown" time="0.0">
    <ignored/>
  </testcase> <!-- @AfterSuite TearDown -->
  <testcase classname="TestCases.BaseClass" name="@BeforeSuite Setup" time="0.0">
    <ignored/>
  </testcase> <!-- @BeforeSuite Setup -->
  <testcase classname="TestCases.BaseClass" name="@BeforeSuite Setup" time="0.0">
    <ignored/>
  </testcase> <!-- @BeforeSuite Setup -->
</testsuite> <!-- OrangeHRM Test -->
