<?xml version="1.0" encoding="UTF-8"?>
<!-- Generated by org.testng.reporters.JUnitXMLReporter -->
<testsuite ignored="8" hostname="VDC1ODCD200101" failures="0" tests="5" name="OrangeHRM Test" time="10.448" errors="0" timestamp="2023-07-26T15:41:01 IST">
  <testcase classname="TestCases.Login_TestCase001" name="loginTC" time="3.693"/>
  <testcase classname="TestCases.AdminPage_TestCase002" name="AdminpageTest" time="1.451"/>
  <testcase classname="TestCases.PimPage_TestCase003" name="PimTestCase" time="1.297"/>
  <testcase classname="TestCases.LeavePage_TestCase004" name="LeavePageTest" time="1.643"/>
  <testcase classname="TestCases.TimePage_TestCase005" name="TimePage_test" time="2.166"/>
  <testcase classname="TestCases.BaseClass" name="@BeforeSuite Setup" time="0.0">
    <ignored/>
  </testcase> <!-- @BeforeSuite Setup -->
  <testcase classname="TestCases.BaseClass" name="@BeforeSuite Setup" time="0.0">
    <ignored/>
  </testcase> <!-- @BeforeSuite Setup -->
  <testcase classname="TestCases.BaseClass" name="@AfterSuite TearDown" time="0.0">
    <ignored/>
  </testcase> <!-- @AfterSuite TearDown -->
  <testcase classname="TestCases.BaseClass" name="@AfterSuite TearDown" time="0.0">
    <ignored/>
  </testcase> <!-- @AfterSuite TearDown -->
  <testcase classname="TestCases.BaseClass" name="@AfterSuite TearDown" time="0.0">
    <ignored/>
  </testcase> <!-- @AfterSuite TearDown -->
  <testcase classname="TestCases.BaseClass" name="@AfterSuite TearDown" time="0.0">
    <ignored/>
  </testcase> <!-- @AfterSuite TearDown -->
  <testcase classname="TestCases.BaseClass" name="@BeforeSuite Setup" time="0.0">
    <ignored/>
  </testcase> <!-- @BeforeSuite Setup -->
  <testcase classname="TestCases.BaseClass" name="@BeforeSuite Setup" time="0.0">
    <ignored/>
  </testcase> <!-- @BeforeSuite Setup -->
</testsuite> <!-- OrangeHRM Test -->
